  Game.cpp
C:\IT\Study\SFML_Game\source\repos\MySFMLGame\External\include\SFML\System\Exception.hpp(41,47): warning C4275: class "std::runtime_error", не являющийся dll-интерфейсом, использован в качестве базового для dll-интерфейса class "sf::Exception"
  (компиляция исходного файла "Game.cpp")
      C:\Program Files\Microsoft Visual Studio\2022\Community\VC\Tools\MSVC\14.42.34433\include\stdexcept(100,19):
       см. объявление "std::runtime_error"
      C:\IT\Study\SFML_Game\source\repos\MySFMLGame\External\include\SFML\System\Exception.hpp(41,23):
       см. объявление "sf::Exception"
  
C:\IT\Study\SFML_Game\source\repos\MySFMLGame\MySFMLGame\Game.cpp(37,51): warning C4244: аргумент: преобразование "unsigned int" в "T", возможна потеря данных
C:\IT\Study\SFML_Game\source\repos\MySFMLGame\MySFMLGame\Game.cpp(37,51): warning C4244:         with
C:\IT\Study\SFML_Game\source\repos\MySFMLGame\MySFMLGame\Game.cpp(37,51): warning C4244:         [
C:\IT\Study\SFML_Game\source\repos\MySFMLGame\MySFMLGame\Game.cpp(37,51): warning C4244:             T=float
C:\IT\Study\SFML_Game\source\repos\MySFMLGame\MySFMLGame\Game.cpp(37,51): warning C4244:         ]
C:\IT\Study\SFML_Game\source\repos\MySFMLGame\MySFMLGame\Game.cpp(37,39): warning C4244: аргумент: преобразование "unsigned int" в "T", возможна потеря данных
C:\IT\Study\SFML_Game\source\repos\MySFMLGame\MySFMLGame\Game.cpp(37,39): warning C4244:         with
C:\IT\Study\SFML_Game\source\repos\MySFMLGame\MySFMLGame\Game.cpp(37,39): warning C4244:         [
C:\IT\Study\SFML_Game\source\repos\MySFMLGame\MySFMLGame\Game.cpp(37,39): warning C4244:             T=float
C:\IT\Study\SFML_Game\source\repos\MySFMLGame\MySFMLGame\Game.cpp(37,39): warning C4244:         ]
  main.cpp
C:\IT\Study\SFML_Game\source\repos\MySFMLGame\External\include\SFML\System\Exception.hpp(41,47): warning C4275: class "std::runtime_error", не являющийся dll-интерфейсом, использован в качестве базового для dll-интерфейса class "sf::Exception"
  (компиляция исходного файла "main.cpp")
      C:\Program Files\Microsoft Visual Studio\2022\Community\VC\Tools\MSVC\14.42.34433\include\stdexcept(100,19):
       см. объявление "std::runtime_error"
      C:\IT\Study\SFML_Game\source\repos\MySFMLGame\External\include\SFML\System\Exception.hpp(41,23):
       см. объявление "sf::Exception"
  
  Создание кода...
Game.obj : error LNK2019: ссылка на неразрешенный внешний символ "__declspec(dllimport) public: void __cdecl sf::Transformable::setPosition(class sf::Vector2<float>)" (__imp_?setPosition@Transformable@sf@@QEAAXV?$Vector2@M@2@@Z) в функции "private: void __cdecl Game::initEnemies(void)" (?initEnemies@Game@@AEAAXXZ).
Game.obj : error LNK2019: ссылка на неразрешенный внешний символ "__declspec(dllimport) public: void __cdecl sf::Transformable::setScale(class sf::Vector2<float>)" (__imp_?setScale@Transformable@sf@@QEAAXV?$Vector2@M@2@@Z) в функции "private: void __cdecl Game::initEnemies(void)" (?initEnemies@Game@@AEAAXXZ).
Game.obj : error LNK2019: ссылка на неразрешенный внешний символ "__declspec(dllimport) public: void __cdecl sf::Transformable::move(class sf::Vector2<float>)" (__imp_?move@Transformable@sf@@QEAAXV?$Vector2@M@2@@Z) в функции "public: void __cdecl Game::updateEnemies(void)" (?updateEnemies@Game@@QEAAXXZ).
Game.obj : error LNK2019: ссылка на неразрешенный внешний символ "__declspec(dllimport) public: void __cdecl sf::Shape::setFillColor(class sf::Color)" (__imp_?setFillColor@Shape@sf@@QEAAXVColor@2@@Z) в функции "private: void __cdecl Game::initEnemies(void)" (?initEnemies@Game@@AEAAXXZ).
Game.obj : error LNK2019: ссылка на неразрешенный внешний символ "__declspec(dllimport) public: void __cdecl sf::Shape::setOutlineColor(class sf::Color)" (__imp_?setOutlineColor@Shape@sf@@QEAAXVColor@2@@Z) в функции "private: void __cdecl Game::initEnemies(void)" (?initEnemies@Game@@AEAAXXZ).
Game.obj : error LNK2019: ссылка на неразрешенный внешний символ "__declspec(dllimport) public: void __cdecl sf::Shape::setOutlineThickness(float)" (__imp_?setOutlineThickness@Shape@sf@@QEAAXM@Z) в функции "private: void __cdecl Game::initEnemies(void)" (?initEnemies@Game@@AEAAXXZ).
Game.obj : error LNK2019: ссылка на неразрешенный внешний символ "__declspec(dllimport) public: __cdecl sf::RectangleShape::RectangleShape(class sf::Vector2<float>)" (__imp_??0RectangleShape@sf@@QEAA@V?$Vector2@M@1@@Z) в функции "public: __cdecl Game::Game(void)" (??0Game@@QEAA@XZ).
Game.obj : error LNK2019: ссылка на неразрешенный внешний символ "__declspec(dllimport) public: void __cdecl sf::RectangleShape::setSize(class sf::Vector2<float>)" (__imp_?setSize@RectangleShape@sf@@QEAAXV?$Vector2@M@2@@Z) в функции "private: void __cdecl Game::initEnemies(void)" (?initEnemies@Game@@AEAAXXZ).
Game.obj : error LNK2019: ссылка на неразрешенный внешний символ "__declspec(dllimport) public: class sf::Vector2<float> __cdecl sf::RectangleShape::getSize(void)const " (__imp_?getSize@RectangleShape@sf@@QEBA?AV?$Vector2@M@2@XZ) в функции "public: void __cdecl Game::spawnEnemy(void)" (?spawnEnemy@Game@@QEAAXXZ).
Game.obj : error LNK2019: ссылка на неразрешенный внешний символ "__declspec(dllimport) public: virtual __cdecl sf::RectangleShape::~RectangleShape(void)" (__imp_??1RectangleShape@sf@@UEAA@XZ) в функции "int `public: __cdecl Game::Game(void)'::`1'::dtor$1" (?dtor$1@?0???0Game@@QEAA@XZ@4HA).
Game.obj : error LNK2019: ссылка на неразрешенный внешний символ "__declspec(dllimport) public: __cdecl sf::RectangleShape::RectangleShape(class sf::RectangleShape const &)" (__imp_??0RectangleShape@sf@@QEAA@AEBV01@@Z) в функции "public: static void __cdecl std::_Default_allocator_traits<class std::allocator<class sf::RectangleShape> >::construct<class sf::RectangleShape,class sf::RectangleShape const &>(class std::allocator<class sf::RectangleShape> &,class sf::RectangleShape * const,class sf::RectangleShape const &)" (??$construct@VRectangleShape@sf@@AEBV12@@?$_Default_allocator_traits@V?$allocator@VRectangleShape@sf@@@std@@@std@@SAXAEAV?$allocator@VRectangleShape@sf@@@1@QEAVRectangleShape@sf@@AEBV34@@Z).
Game.obj : error LNK2019: ссылка на неразрешенный внешний символ "__declspec(dllimport) public: __cdecl sf::RectangleShape::RectangleShape(class sf::RectangleShape &&)" (__imp_??0RectangleShape@sf@@QEAA@$$QEAV01@@Z) в функции "public: static void __cdecl std::_Default_allocator_traits<class std::allocator<class sf::RectangleShape> >::construct<class sf::RectangleShape,class sf::RectangleShape>(class std::allocator<class sf::RectangleShape> &,class sf::RectangleShape * const,class sf::RectangleShape &&)" (??$construct@VRectangleShape@sf@@V12@@?$_Default_allocator_traits@V?$allocator@VRectangleShape@sf@@@std@@@std@@SAXAEAV?$allocator@VRectangleShape@sf@@@1@QEAVRectangleShape@sf@@$$QEAV34@@Z).
Game.obj : error LNK2019: ссылка на неразрешенный внешний символ "__declspec(dllimport) public: void __cdecl sf::RenderTarget::clear(class sf::Color)" (__imp_?clear@RenderTarget@sf@@QEAAXVColor@2@@Z) в функции "public: void __cdecl Game::render(void)" (?render@Game@@QEAAXXZ).
Game.obj : error LNK2019: ссылка на неразрешенный внешний символ "__declspec(dllimport) public: void __cdecl sf::RenderTarget::draw(class sf::Drawable const &,struct sf::RenderStates const &)" (__imp_?draw@RenderTarget@sf@@QEAAXAEBVDrawable@2@AEBURenderStates@2@@Z) в функции "public: void __cdecl Game::renderEnemies(void)" (?renderEnemies@Game@@QEAAXXZ).
Game.obj : error LNK2019: ссылка на неразрешенный внешний символ "__declspec(dllimport) public: __cdecl sf::VideoMode::VideoMode(void)" (__imp_??0VideoMode@sf@@QEAA@XZ) в функции "public: __cdecl Game::Game(void)" (??0Game@@QEAA@XZ).
Game.obj : error LNK2019: ссылка на неразрешенный внешний символ "__declspec(dllimport) public: __cdecl sf::VideoMode::VideoMode(class sf::Vector2<unsigned int>,unsigned int)" (__imp_??0VideoMode@sf@@QEAA@V?$Vector2@I@1@I@Z) в функции "private: void __cdecl Game::initWindow(void)" (?initWindow@Game@@AEAAXXZ).
Game.obj : error LNK2019: ссылка на неразрешенный внешний символ "__declspec(dllimport) public: bool __cdecl sf::WindowBase::isOpen(void)const " (__imp_?isOpen@WindowBase@sf@@QEBA_NXZ) в функции "public: bool const __cdecl Game::windowIsRunning(void)const " (?windowIsRunning@Game@@QEBA?B_NXZ).
Game.obj : error LNK2019: ссылка на неразрешенный внешний символ "__declspec(dllimport) public: class std::optional<class sf::Event> __cdecl sf::WindowBase::pollEvent(void)" (__imp_?pollEvent@WindowBase@sf@@QEAA?AV?$optional@VEvent@sf@@@std@@XZ) в функции "public: void __cdecl Game::pollEvents(void)" (?pollEvents@Game@@QEAAXXZ).
Game.obj : error LNK2019: ссылка на неразрешенный внешний символ "__declspec(dllimport) public: __cdecl sf::String::String(char const *,class std::locale const &)" (__imp_??0String@sf@@QEAA@PEBDAEBVlocale@std@@@Z) в функции "private: void __cdecl Game::initWindow(void)" (?initWindow@Game@@AEAAXXZ).
Game.obj : error LNK2019: ссылка на неразрешенный внешний символ "__declspec(dllimport) public: __cdecl sf::String::~String(void)" (__imp_??1String@sf@@QEAA@XZ) в функции "private: void __cdecl Game::initWindow(void)" (?initWindow@Game@@AEAAXXZ).
Game.obj : error LNK2019: ссылка на неразрешенный внешний символ "__declspec(dllimport) class sf::Vector2<int> __cdecl sf::Mouse::getPosition(class sf::WindowBase const &)" (__imp_?getPosition@Mouse@sf@@YA?AV?$Vector2@H@2@AEBVWindowBase@2@@Z) в функции "public: void __cdecl Game::updateMousePosition(void)" (?updateMousePosition@Game@@QEAAXXZ).
Game.obj : error LNK2019: ссылка на неразрешенный внешний символ "__declspec(dllimport) public: void __cdecl sf::Window::setFramerateLimit(unsigned int)" (__imp_?setFramerateLimit@Window@sf@@QEAAXI@Z) в функции "private: void __cdecl Game::initWindow(void)" (?initWindow@Game@@AEAAXXZ).
Game.obj : error LNK2019: ссылка на неразрешенный внешний символ "__declspec(dllimport) public: void __cdecl sf::Window::display(void)" (__imp_?display@Window@sf@@QEAAXXZ) в функции "public: void __cdecl Game::render(void)" (?render@Game@@QEAAXXZ).
Game.obj : error LNK2019: ссылка на неразрешенный внешний символ "__declspec(dllimport) public: __cdecl sf::RenderWindow::RenderWindow(class sf::VideoMode,class sf::String const &,unsigned int,enum sf::State,struct sf::ContextSettings const &)" (__imp_??0RenderWindow@sf@@QEAA@VVideoMode@1@AEBVString@1@IW4State@1@AEBUContextSettings@1@@Z) в функции "private: void __cdecl Game::initWindow(void)" (?initWindow@Game@@AEAAXXZ).
Game.obj : error LNK2019: ссылка на неразрешенный внешний символ "__declspec(dllimport) public: virtual __cdecl sf::RenderWindow::~RenderWindow(void)" (__imp_??1RenderWindow@sf@@UEAA@XZ) в функции "public: virtual void * __cdecl sf::RenderWindow::`scalar deleting destructor'(unsigned int)" (??_GRenderWindow@sf@@UEAAPEAXI@Z).
Game.obj : error LNK2001: неразрешенный внешний символ "public: virtual unsigned __int64 __cdecl sf::RectangleShape::getPointCount(void)const " (?getPointCount@RectangleShape@sf@@UEBA_KXZ).
Game.obj : error LNK2001: неразрешенный внешний символ "public: virtual class sf::Vector2<float> __cdecl sf::RectangleShape::getPoint(unsigned __int64)const " (?getPoint@RectangleShape@sf@@UEBA?AV?$Vector2@M@2@_K@Z).
Game.obj : error LNK2001: неразрешенный внешний символ "public: virtual class sf::Vector2<float> __cdecl sf::RectangleShape::getGeometricCenter(void)const " (?getGeometricCenter@RectangleShape@sf@@UEBA?AV?$Vector2@M@2@XZ).
Game.obj : error LNK2001: неразрешенный внешний символ "private: virtual void __cdecl sf::Shape::draw(class sf::RenderTarget &,struct sf::RenderStates)const " (?draw@Shape@sf@@EEBAXAEAVRenderTarget@2@URenderStates@2@@Z).
Game.obj : error LNK2001: неразрешенный внешний символ "public: virtual void __cdecl sf::Window::create(struct HWND__ *,struct sf::ContextSettings const &)" (?create@Window@sf@@UEAAXPEAUHWND__@@AEBUContextSettings@2@@Z).
Game.obj : error LNK2001: неразрешенный внешний символ "public: virtual void __cdecl sf::Window::create(struct HWND__ *)" (?create@Window@sf@@UEAAXPEAUHWND__@@@Z).
Game.obj : error LNK2001: неразрешенный внешний символ "public: virtual void __cdecl sf::Window::create(class sf::VideoMode,class sf::String const &,enum sf::State,struct sf::ContextSettings const &)" (?create@Window@sf@@UEAAXVVideoMode@2@AEBVString@2@W4State@2@AEBUContextSettings@2@@Z).
Game.obj : error LNK2001: неразрешенный внешний символ "public: virtual void __cdecl sf::Window::create(class sf::VideoMode,class sf::String const &,enum sf::State)" (?create@Window@sf@@UEAAXVVideoMode@2@AEBVString@2@W4State@2@@Z).
Game.obj : error LNK2001: неразрешенный внешний символ "public: virtual void __cdecl sf::Window::create(class sf::VideoMode,class sf::String const &,unsigned int,enum sf::State,struct sf::ContextSettings const &)" (?create@Window@sf@@UEAAXVVideoMode@2@AEBVString@2@IW4State@2@AEBUContextSettings@2@@Z).
Game.obj : error LNK2001: неразрешенный внешний символ "public: virtual void __cdecl sf::Window::create(class sf::VideoMode,class sf::String const &,unsigned int,enum sf::State)" (?create@Window@sf@@UEAAXVVideoMode@2@AEBVString@2@IW4State@2@@Z).
Game.obj : error LNK2001: неразрешенный внешний символ "public: virtual void __cdecl sf::Window::close(void)" (?close@Window@sf@@UEAAXXZ).
Game.obj : error LNK2001: неразрешенный внешний символ "public: virtual class sf::Vector2<unsigned int> __cdecl sf::RenderWindow::getSize(void)const " (?getSize@RenderWindow@sf@@UEBA?AV?$Vector2@I@2@XZ).
Game.obj : error LNK2001: неразрешенный внешний символ "public: virtual bool __cdecl sf::RenderWindow::isSrgb(void)const " (?isSrgb@RenderWindow@sf@@UEBA_NXZ).
Game.obj : error LNK2001: неразрешенный внешний символ "public: virtual bool __cdecl sf::RenderWindow::setActive(bool)" (?setActive@RenderWindow@sf@@UEAA_N_N@Z).
Game.obj : error LNK2001: неразрешенный внешний символ "protected: virtual void __cdecl sf::RenderWindow::onCreate(void)" (?onCreate@RenderWindow@sf@@MEAAXXZ).
Game.obj : error LNK2001: неразрешенный внешний символ "protected: virtual void __cdecl sf::RenderWindow::onResize(void)" (?onResize@RenderWindow@sf@@MEAAXXZ).
Game.obj : error LNK2019: ссылка на неразрешенный внешний символ "__declspec(dllimport) public: static struct sf::RenderStates const sf::RenderStates::Default" (__imp_?Default@RenderStates@sf@@2U12@B) в функции "public: void __cdecl Game::renderEnemies(void)" (?renderEnemies@Game@@QEAAXXZ).
C:\IT\Study\SFML_Game\source\repos\MySFMLGame\\External\lib\sfml-window-d.lib : warning LNK4272: тип компьютера библиотеки "x86" конфликтует с типом целевого компьютера "x64"
C:\IT\Study\SFML_Game\source\repos\MySFMLGame\\External\lib\sfml-system-d.lib : warning LNK4272: тип компьютера библиотеки "x86" конфликтует с типом целевого компьютера "x64"
C:\IT\Study\SFML_Game\source\repos\MySFMLGame\\External\lib\sfml-graphics-d.lib : warning LNK4272: тип компьютера библиотеки "x86" конфликтует с типом целевого компьютера "x64"
C:\IT\Study\SFML_Game\source\repos\MySFMLGame\\External\lib\sfml-audio-d.lib : warning LNK4272: тип компьютера библиотеки "x86" конфликтует с типом целевого компьютера "x64"
C:\IT\Study\SFML_Game\source\repos\MySFMLGame\\External\lib\sfml-network-d.lib : warning LNK4272: тип компьютера библиотеки "x86" конфликтует с типом целевого компьютера "x64"
C:\IT\Study\SFML_Game\source\repos\MySFMLGame\x64\Debug\MySFMLGame.exe : fatal error LNK1120: неразрешенных внешних элементов: 42
